2022-12-29 19:46:44,249 INFO: Microblog startup [in C:\Users\Akachi\Desktop\ICT\Python\Python Web\FLASK\Microblog\app\__init__.py:68
2022-12-29 19:49:54,512 INFO: Microblog startup [in C:\Users\Akachi\Desktop\ICT\Python\Python Web\FLASK\Microblog\app\__init__.py:68
2022-12-29 19:50:26,945 INFO: Microblog startup [in C:\Users\Akachi\Desktop\ICT\Python\Python Web\FLASK\Microblog\app\__init__.py:68
2022-12-29 19:55:12,889 INFO: Microblog startup [in C:\Users\Akachi\Desktop\ICT\Python\Python Web\FLASK\Microblog\app\__init__.py:68
2022-12-29 19:56:02,884 INFO: Microblog startup [in C:\Users\Akachi\Desktop\ICT\Python\Python Web\FLASK\Microblog\app\__init__.py:68
2022-12-29 19:57:02,468 INFO: Microblog startup [in C:\Users\Akachi\Desktop\ICT\Python\Python Web\FLASK\Microblog\app\__init__.py:68
2022-12-29 19:58:03,159 INFO: Microblog startup [in C:\Users\Akachi\Desktop\ICT\Python\Python Web\FLASK\Microblog\app\__init__.py:68
2022-12-29 20:01:52,970 INFO: Microblog startup [in C:\Users\Akachi\Desktop\ICT\Python\Python Web\FLASK\Microblog\app\__init__.py:68
2022-12-29 20:03:20,835 INFO: Microblog startup [in C:\Users\Akachi\Desktop\ICT\Python\Python Web\FLASK\Microblog\app\__init__.py:68
2022-12-29 20:04:08,496 INFO: Microblog startup [in C:\Users\Akachi\Desktop\ICT\Python\Python Web\FLASK\Microblog\app\__init__.py:68
2022-12-29 20:19:00,269 INFO: Microblog startup [in C:\Users\Akachi\Desktop\ICT\Python\Python Web\FLASK\Microblog\app\__init__.py:68
2022-12-29 20:25:05,244 ERROR: Exception on /user/edit_profile [POST] [in c:\users\akachi\desktop\winsoftlab\unbiasedapp-backend\.unbiasedvenv\lib\site-packages\flask\app.py:1457
Traceback (most recent call last):
  File "c:\users\akachi\desktop\winsoftlab\unbiasedapp-backend\.unbiasedvenv\lib\site-packages\flask\app.py", line 2073, in wsgi_app
    response = self.full_dispatch_request()
  File "c:\users\akachi\desktop\winsoftlab\unbiasedapp-backend\.unbiasedvenv\lib\site-packages\flask\app.py", line 1518, in full_dispatch_request
    rv = self.handle_user_exception(e)
  File "c:\users\akachi\desktop\winsoftlab\unbiasedapp-backend\.unbiasedvenv\lib\site-packages\flask\app.py", line 1516, in full_dispatch_request
    rv = self.dispatch_request()
  File "c:\users\akachi\desktop\winsoftlab\unbiasedapp-backend\.unbiasedvenv\lib\site-packages\flask\app.py", line 1502, in dispatch_request
    return self.ensure_sync(self.view_functions[rule.endpoint])(**req.view_args)
  File "c:\users\akachi\desktop\winsoftlab\unbiasedapp-backend\.unbiasedvenv\lib\site-packages\flask_login\utils.py", line 272, in decorated_view
    return func(*args, **kwargs)
  File "C:\Users\Akachi\Desktop\ICT\Python\Python Web\FLASK\Microblog\app\user\routes.py", line 77, in edit_profile
    db.session.commit()
  File "<string>", line 2, in commit
  File "c:\users\akachi\desktop\winsoftlab\unbiasedapp-backend\.unbiasedvenv\lib\site-packages\sqlalchemy\orm\session.py", line 1431, in commit
    self._transaction.commit(_to_root=self.future)
  File "c:\users\akachi\desktop\winsoftlab\unbiasedapp-backend\.unbiasedvenv\lib\site-packages\sqlalchemy\orm\session.py", line 839, in commit
    self.session.dispatch.after_commit(self.session)
  File "c:\users\akachi\desktop\winsoftlab\unbiasedapp-backend\.unbiasedvenv\lib\site-packages\sqlalchemy\event\attr.py", line 256, in __call__
    fn(*args, **kw)
  File "C:\Users\Akachi\Desktop\ICT\Python\Python Web\FLASK\Microblog\app\models.py", line 47, in after_commit
    add_to_index(obj.__tablename__, obj)
  File "C:\Users\Akachi\Desktop\ICT\Python\Python Web\FLASK\Microblog\app\search.py", line 18, in add_to_index
    current_app.elasticsearch.index(index=index, id=model.id, body=payload)
  File "c:\users\akachi\desktop\winsoftlab\unbiasedapp-backend\.unbiasedvenv\lib\site-packages\elasticsearch\_sync\client\utils.py", line 414, in wrapped
    return api(*args, **kwargs)
  File "c:\users\akachi\desktop\winsoftlab\unbiasedapp-backend\.unbiasedvenv\lib\site-packages\elasticsearch\_sync\client\__init__.py", line 2265, in index
    return self.perform_request(  # type: ignore[return-value]
  File "c:\users\akachi\desktop\winsoftlab\unbiasedapp-backend\.unbiasedvenv\lib\site-packages\elasticsearch\_sync\client\_base.py", line 286, in perform_request
    meta, resp_body = self.transport.perform_request(
  File "c:\users\akachi\desktop\winsoftlab\unbiasedapp-backend\.unbiasedvenv\lib\site-packages\elastic_transport\_transport.py", line 329, in perform_request
    meta, raw_data = node.perform_request(
  File "c:\users\akachi\desktop\winsoftlab\unbiasedapp-backend\.unbiasedvenv\lib\site-packages\elastic_transport\_node\_http_urllib3.py", line 199, in perform_request
    raise err from None
elastic_transport.ConnectionTimeout: Connection timed out
2022-12-29 20:28:00,960 ERROR: Exception on /user/edit_profile [POST] [in c:\users\akachi\desktop\winsoftlab\unbiasedapp-backend\.unbiasedvenv\lib\site-packages\flask\app.py:1457
Traceback (most recent call last):
  File "c:\users\akachi\desktop\winsoftlab\unbiasedapp-backend\.unbiasedvenv\lib\site-packages\flask\app.py", line 2073, in wsgi_app
    response = self.full_dispatch_request()
  File "c:\users\akachi\desktop\winsoftlab\unbiasedapp-backend\.unbiasedvenv\lib\site-packages\flask\app.py", line 1518, in full_dispatch_request
    rv = self.handle_user_exception(e)
  File "c:\users\akachi\desktop\winsoftlab\unbiasedapp-backend\.unbiasedvenv\lib\site-packages\flask\app.py", line 1516, in full_dispatch_request
    rv = self.dispatch_request()
  File "c:\users\akachi\desktop\winsoftlab\unbiasedapp-backend\.unbiasedvenv\lib\site-packages\flask\app.py", line 1502, in dispatch_request
    return self.ensure_sync(self.view_functions[rule.endpoint])(**req.view_args)
  File "c:\users\akachi\desktop\winsoftlab\unbiasedapp-backend\.unbiasedvenv\lib\site-packages\flask_login\utils.py", line 272, in decorated_view
    return func(*args, **kwargs)
  File "C:\Users\Akachi\Desktop\ICT\Python\Python Web\FLASK\Microblog\app\user\routes.py", line 77, in edit_profile
    db.session.commit()
  File "<string>", line 2, in commit
  File "c:\users\akachi\desktop\winsoftlab\unbiasedapp-backend\.unbiasedvenv\lib\site-packages\sqlalchemy\orm\session.py", line 1431, in commit
    self._transaction.commit(_to_root=self.future)
  File "c:\users\akachi\desktop\winsoftlab\unbiasedapp-backend\.unbiasedvenv\lib\site-packages\sqlalchemy\orm\session.py", line 839, in commit
    self.session.dispatch.after_commit(self.session)
  File "c:\users\akachi\desktop\winsoftlab\unbiasedapp-backend\.unbiasedvenv\lib\site-packages\sqlalchemy\event\attr.py", line 256, in __call__
    fn(*args, **kw)
  File "C:\Users\Akachi\Desktop\ICT\Python\Python Web\FLASK\Microblog\app\models.py", line 47, in after_commit
    add_to_index(obj.__tablename__, obj)
  File "C:\Users\Akachi\Desktop\ICT\Python\Python Web\FLASK\Microblog\app\search.py", line 18, in add_to_index
    current_app.elasticsearch.index(index=index, id=model.id, body=payload)
  File "c:\users\akachi\desktop\winsoftlab\unbiasedapp-backend\.unbiasedvenv\lib\site-packages\elasticsearch\_sync\client\utils.py", line 414, in wrapped
    return api(*args, **kwargs)
  File "c:\users\akachi\desktop\winsoftlab\unbiasedapp-backend\.unbiasedvenv\lib\site-packages\elasticsearch\_sync\client\__init__.py", line 2265, in index
    return self.perform_request(  # type: ignore[return-value]
  File "c:\users\akachi\desktop\winsoftlab\unbiasedapp-backend\.unbiasedvenv\lib\site-packages\elasticsearch\_sync\client\_base.py", line 286, in perform_request
    meta, resp_body = self.transport.perform_request(
  File "c:\users\akachi\desktop\winsoftlab\unbiasedapp-backend\.unbiasedvenv\lib\site-packages\elastic_transport\_transport.py", line 329, in perform_request
    meta, raw_data = node.perform_request(
  File "c:\users\akachi\desktop\winsoftlab\unbiasedapp-backend\.unbiasedvenv\lib\site-packages\elastic_transport\_node\_http_urllib3.py", line 199, in perform_request
    raise err from None
elastic_transport.ConnectionTimeout: Connection timed out
